[2025-05-19 16:56:16] INFO: Web Application Launched....
[2025-05-19 17:01:49] INFO: Web Application Launched....
[2025-05-19 17:01:50] INFO: Login Action Performed....
[2025-05-19 17:01:51] INFO: Page title Verified....
[2025-05-19 17:01:51] INFO: Products Verified....
[2025-05-19 17:01:51] INFO: Click on Item Done....
[2025-05-19 17:01:51] INFO: Product Name Verified....
[2025-05-19 17:01:52] INFO: Click on Add To Cart Done....
[2025-05-19 17:01:55] INFO: Product NAme Verified....
[2025-05-19 17:01:55] INFO: Product Price Verified....
[2025-05-19 17:01:56] INFO: Checkout order Data Done....
[2025-05-19 17:01:59] INFO: product Name Verifoed....
[2025-05-19 17:01:59] INFO: product price verified....
[2025-05-19 17:01:59] INFO: product final price verified....
[2025-05-19 17:01:59] INFO: Order mesage verified....
[2025-05-19 17:08:33] INFO: Web Application Launched....
[2025-05-19 17:08:33] INFO: Login Action Performed....
[2025-05-19 17:08:34] INFO: Page title Verified....
[2025-05-19 17:08:34] INFO: Products Verified....
[2025-05-19 17:08:34] INFO: Click on Item Done....
[2025-05-19 17:08:34] INFO: Product Name Verified....
[2025-05-19 17:08:35] INFO: Click on Add To Cart Done....
[2025-05-19 17:08:38] INFO: Product NAme Verified....
[2025-05-19 17:08:38] INFO: Product Price Verified....
[2025-05-19 17:08:38] INFO: Checkout order Data Done....
[2025-05-19 17:08:41] INFO: product Name Verifoed....
[2025-05-19 17:08:41] INFO: product price verified....
[2025-05-19 17:08:42] INFO: product final price verified....
[2025-05-19 17:08:42] INFO: Order mesage verified....
[2025-05-19 17:12:13] INFO: Web Application Launched....
[2025-05-19 17:12:14] INFO: Login Action Performed....
[2025-05-19 17:12:15] INFO: Page title Verified....
[2025-05-19 17:12:15] INFO: Products Verified....
[2025-05-19 17:12:15] INFO: Click on Item Done....
[2025-05-19 17:12:15] INFO: Product Name Verified....
[2025-05-19 17:12:16] INFO: Click on Add To Cart Done....
[2025-05-19 17:12:19] INFO: Product NAme Verified....
[2025-05-19 17:12:19] INFO: Product Price Verified....
[2025-05-19 17:12:20] INFO: Checkout order Data Done....
[2025-05-19 17:12:23] INFO: product Name Verifoed....
[2025-05-19 17:12:23] INFO: product price verified....
[2025-05-19 17:12:23] INFO: product final price verified....
[2025-05-19 17:12:24] INFO: Order mesage verified....
[2025-05-19 18:57:59] INFO: Web Application Launched....
[2025-05-19 18:57:59] INFO: Login Action Performed....
[2025-05-19 18:58:00] INFO: Page title Verified....
[2025-05-19 18:58:01] INFO: Products Verified....
[2025-05-19 18:58:01] INFO: Click on Item Done....
[2025-05-19 18:58:02] INFO: Product Name Verified....
[2025-05-19 18:58:02] INFO: Click on Add To Cart Done....
[2025-05-19 18:58:05] INFO: Product NAme Verified....
[2025-05-19 18:58:05] INFO: Product Price Verified....
[2025-05-19 18:58:06] INFO: Checkout order Data Done....
[2025-05-19 18:58:09] INFO: product Name Verifoed....
[2025-05-19 18:58:09] INFO: product price verified....
[2025-05-19 18:58:09] INFO: product final price verified....
[2025-05-19 18:58:09] INFO: Order mesage verified....
